Assembler report for multiplier
Mon Nov 01 12:04:09 2021
Quartus Prime Version 16.1.2 Build 203 01/18/2017 SJ Standard Edition


---------------------
; Table of Contents ;
---------------------
  1. Legal Notice
  2. Assembler Summary
  3. Assembler Settings
  4. Assembler Generated Files
  5. Assembler Device Options: H:/M4/Quartus/output_files/multiplier.sof
  6. Assembler Messages



----------------
; Legal Notice ;
----------------
Copyright (C) 2017  Intel Corporation. All rights reserved.
Your use of Intel Corporation's design tools, logic functions 
and other software and tools, and its AMPP partner logic 
functions, and any output files from any of the foregoing 
(including device programming or simulation files), and any 
associated documentation or information are expressly subject 
to the terms and conditions of the Intel Program License 
Subscription Agreement, the Intel Quartus Prime License Agreement,
the Intel MegaCore Function License Agreement, or other 
applicable license agreement, including, without limitation, 
that your use is for the sole purpose of programming logic 
devices manufactured by Intel and sold by Intel or its 
authorized distributors.  Please refer to the applicable 
agreement for further details.



+---------------------------------------------------------------+
; Assembler Summary                                             ;
+-----------------------+---------------------------------------+
; Assembler Status      ; Successful - Mon Nov 01 12:04:09 2021 ;
; Revision Name         ; multiplier                            ;
; Top-level Entity Name ; multiplier                            ;
; Family                ; Cyclone V                             ;
; Device                ; 5CSEMA5F31C6                          ;
+-----------------------+---------------------------------------+


+----------------------------------+
; Assembler Settings               ;
+--------+---------+---------------+
; Option ; Setting ; Default Value ;
+--------+---------+---------------+


+-------------------------------------------+
; Assembler Generated Files                 ;
+-------------------------------------------+
; File Name                                 ;
+-------------------------------------------+
; H:/M4/Quartus/output_files/multiplier.sof ;
+-------------------------------------------+


+---------------------------------------------------------------------+
; Assembler Device Options: H:/M4/Quartus/output_files/multiplier.sof ;
+----------------+----------------------------------------------------+
; Option         ; Setting                                            ;
+----------------+----------------------------------------------------+
; Device         ; 5CSEMA5F31C6                                       ;
; JTAG usercode  ; 0x00AFBC15                                         ;
; Checksum       ; 0x00AFBC15                                         ;
+----------------+----------------------------------------------------+


+--------------------+
; Assembler Messages ;
+--------------------+
Info: *******************************************************************
Info: Running Quartus Prime Assembler
    Info: Version 16.1.2 Build 203 01/18/2017 SJ Standard Edition
    Info: Processing started: Mon Nov 01 12:04:00 2021
Info: Command: quartus_asm --read_settings_files=off --write_settings_files=off multiplier -c multiplier
Info (115030): Assembler is generating device programming files
Info: Quartus Prime Assembler was successful. 0 errors, 0 warnings
    Info: Peak virtual memory: 4833 megabytes
    Info: Processing ended: Mon Nov 01 12:04:10 2021
    Info: Elapsed time: 00:00:10
    Info: Total CPU time (on all processors): 00:00:05


